
> best-resume-ever@1.0.0 dev
> node build/dev-server.js

node:internal/modules/cjs/loader:959
  throw err;
  ^

Error: Cannot find module 'webpack-merge'
Require stack:
- /Users/claire_lai/Documents/best-resume-ever/config/dev.env.js
- /Users/claire_lai/Documents/best-resume-ever/config/index.js
- /Users/claire_lai/Documents/best-resume-ever/build/dev-server.js
    at Function.Module._resolveFilename (node:internal/modules/cjs/loader:956:15)
    at Function.Module._load (node:internal/modules/cjs/loader:804:27)
    at Module.require (node:internal/modules/cjs/loader:1028:19)
    at require (node:internal/modules/cjs/helpers:102:18)
    at Object.<anonymous> (/Users/claire_lai/Documents/best-resume-ever/config/dev.env.js:1:13)
    at Module._compile (node:internal/modules/cjs/loader:1126:14)
    at Object.Module._extensions..js (node:internal/modules/cjs/loader:1180:10)
    at Module.load (node:internal/modules/cjs/loader:1004:32)
    at Function.Module._load (node:internal/modules/cjs/loader:839:12)
    at Module.require (node:internal/modules/cjs/loader:1028:19) {
  code: 'MODULE_NOT_FOUND',
  requireStack: [
    '/Users/claire_lai/Documents/best-resume-ever/config/dev.env.js',
    '/Users/claire_lai/Documents/best-resume-ever/config/index.js',
    '/Users/claire_lai/Documents/best-resume-ever/build/dev-server.js'
  ]
}

> best-resume-ever@1.0.0 dev
> node build/dev-server.js

node:internal/modules/cjs/loader:959
  throw err;
  ^

Error: Cannot find module 'webpack-merge'
Require stack:
- /Users/claire_lai/Documents/best-resume-ever/config/dev.env.js
- /Users/claire_lai/Documents/best-resume-ever/config/index.js
- /Users/claire_lai/Documents/best-resume-ever/build/dev-server.js
    at Function.Module._resolveFilename (node:internal/modules/cjs/loader:956:15)
    at Function.Module._load (node:internal/modules/cjs/loader:804:27)
    at Module.require (node:internal/modules/cjs/loader:1028:19)
    at require (node:internal/modules/cjs/helpers:102:18)
    at Object.<anonymous> (/Users/claire_lai/Documents/best-resume-ever/config/dev.env.js:1:13)
    at Module._compile (node:internal/modules/cjs/loader:1126:14)
    at Object.Module._extensions..js (node:internal/modules/cjs/loader:1180:10)
    at Module.load (node:internal/modules/cjs/loader:1004:32)
    at Function.Module._load (node:internal/modules/cjs/loader:839:12)
    at Module.require (node:internal/modules/cjs/loader:1028:19) {
  code: 'MODULE_NOT_FOUND',
  requireStack: [
    '/Users/claire_lai/Documents/best-resume-ever/config/dev.env.js',
    '/Users/claire_lai/Documents/best-resume-ever/config/index.js',
    '/Users/claire_lai/Documents/best-resume-ever/build/dev-server.js'
  ]
}
